% mean class accuracy (train set)	
 9.1787e+01	
 9.3697e+01	
 9.4110e+01	
 9.4416e+01	
 9.4612e+01	
 9.4781e+01	
 9.4889e+01	
 9.4970e+01	
 9.5075e+01	
 9.5154e+01	
 9.5236e+01	
 9.5276e+01	
 9.5347e+01	
 9.5404e+01	
 9.5398e+01	
 9.5489e+01	
 9.5460e+01	
 9.5530e+01	
 9.5561e+01	
 9.5610e+01	
 9.5597e+01	
 9.5636e+01	
 9.5676e+01	
 9.5684e+01	
 9.5720e+01	
 9.5713e+01	
 9.5748e+01	
 9.5762e+01	
 9.5801e+01	
 9.5811e+01	
 9.5844e+01	
 9.5850e+01	
 9.5889e+01	
 9.5876e+01	
 9.5922e+01	
 9.5939e+01	
 9.5951e+01	
 9.5964e+01	
 9.5984e+01	
 9.6004e+01	
 9.5996e+01	
 9.6061e+01	
 9.6029e+01	
 9.6051e+01	
 9.6085e+01	
 9.6073e+01	
 9.6111e+01	
 9.6116e+01	
 9.6097e+01	
 9.6140e+01	
 9.6154e+01	
 9.6125e+01	
 9.6146e+01	
 9.6148e+01	
 9.6179e+01	
 9.6200e+01	
 9.6188e+01	
 9.6210e+01	
 9.6216e+01	
 9.6237e+01	
 9.6240e+01	
 9.6234e+01	
 9.6260e+01	
 9.6271e+01	
 9.6267e+01	
 9.6256e+01	
 9.6276e+01	
 9.6304e+01	
 9.6296e+01	
 9.6316e+01	
 9.6300e+01	
 9.6316e+01	
 9.6298e+01	
 9.6312e+01	
 9.6329e+01	
 9.6357e+01	
 9.6339e+01	
 9.6369e+01	
 9.6361e+01	
 9.6365e+01	
 9.6388e+01	
 9.6391e+01	
 9.6428e+01	
 9.6397e+01	
 9.6382e+01	
 9.6410e+01	
 9.6425e+01	
 9.6441e+01	
 9.6439e+01	
 9.6442e+01	
 9.6445e+01	
 9.6449e+01	
 9.6423e+01	
 9.6435e+01	
 9.6475e+01	
 9.6487e+01	
 9.6477e+01	
 9.6468e+01	
 9.6486e+01	
 9.6497e+01	
